2021-02-21  22:38:42 [main] INFO  docmanage.AddDocumentTest - start browser successfully!
2021-02-21  22:39:04 [main] INFO  docmanage.AddDocumentTest - login successfully!
2021-02-21  22:39:06 [main] INFO  docmanage.AddDocumentTest - open knowledgeDoc successfully!
2021-02-21  22:56:24 [main] INFO  docmanage.AddDocumentTest - start browser successfully!
2021-02-21  22:56:52 [main] INFO  docmanage.AddDocumentTest - login successfully!
2021-02-21  22:56:54 [main] INFO  docmanage.AddDocumentTest - open knowledgeDoc successfully!
2021-02-21  22:57:42 [main] INFO  docmanage.DeleteDocTest - seccessfully!
2021-02-21  23:22:46 [main] INFO  docmanage.AddDocumentTest - start browser successfully!
2021-02-21  23:23:38 [main] INFO  docmanage.AddDocumentTest - login successfully!
2021-02-21  23:23:40 [main] INFO  docmanage.AddDocumentTest - open knowledgeDoc successfully!
2021-02-21  23:24:59 [main] INFO  docmanage.DeleteDocTest - seccessfully!
2021-02-21  23:31:58 [main] INFO  docmanage.AddDocumentTest - start browser successfully!
2021-02-21  23:32:28 [main] INFO  docmanage.AddDocumentTest - login successfully!
2021-02-21  23:32:30 [main] INFO  docmanage.AddDocumentTest - open knowledgeDoc successfully!
2021-02-21  23:33:27 [main] INFO  docmanage.DeleteDocTest - seccessfully!
2021-02-21  23:59:55 [main] INFO  docmanage.AddDocumentTest - start browser successfully!
2021-02-22  00:00:20 [main] INFO  docmanage.AddDocumentTest - login successfully!
2021-02-22  00:00:33 [main] INFO  docmanage.AddDocumentTest - open knowledgeDoc successfully!
2021-02-22  00:01:17 [main] INFO  docmanage.DeleteDocTest - seccessfully!
2021-02-22  12:20:16 [main] INFO  docmanage.AddDocumentTest - start browser successfully!
2021-02-22  12:20:37 [main] INFO  docmanage.AddDocumentTest - login successfully!
2021-02-22  12:20:38 [main] INFO  docmanage.AddDocumentTest - open knowledgeDoc successfully!
2021-02-22  12:23:23 [main] INFO  docmanage.AddDocumentTest - start browser successfully!
2021-02-22  12:23:46 [main] INFO  docmanage.AddDocumentTest - login successfully!
2021-02-22  12:23:48 [main] INFO  docmanage.AddDocumentTest - open knowledgeDoc successfully!
2021-02-22  12:23:55 [main] INFO  docmanage.AddDocumentTest - 成功切换进入文档内容的iframe1
2021-02-22  12:40:50 [main] INFO  docmanage.AddDocumentTest - start browser successfully!
2021-02-22  12:41:26 [main] INFO  docmanage.AddDocumentTest - login successfully!
2021-02-22  12:41:28 [main] INFO  docmanage.AddDocumentTest - open knowledgeDoc successfully!
2021-02-22  12:41:41 [main] INFO  docmanage.AddDocumentTest - get iframe2 successfully!
2021-02-22  12:49:27 [main] INFO  docmanage.AddDocumentTest - start browser successfully!
2021-02-22  12:49:48 [main] INFO  docmanage.AddDocumentTest - login successfully!
2021-02-22  12:49:49 [main] INFO  docmanage.AddDocumentTest - open knowledgeDoc successfully!
2021-02-22  12:51:48 [main] INFO  docmanage.AddDocumentTest - start browser successfully!
2021-02-22  12:52:09 [main] INFO  docmanage.AddDocumentTest - login successfully!
2021-02-22  12:52:10 [main] INFO  docmanage.AddDocumentTest - open knowledgeDoc successfully!
2021-02-22  12:52:19 [main] INFO  docmanage.AddDocumentTest - get iframe1 successfully!
2021-02-22  12:52:29 [main] INFO  docmanage.AddDocumentTest - get iframe2 successfully!
2021-02-22  12:59:27 [main] INFO  docmanage.DeleteDocTest - seccessfully!
2021-02-22  13:03:24 [main] INFO  docmanage.DeleteDocTest - seccessfully!
2021-02-22  13:21:38 [main] INFO  docmanage.AddDocumentTest - start browser successfully!
2021-02-22  13:22:03 [main] INFO  docmanage.AddDocumentTest - login successfully!
2021-02-22  13:22:04 [main] INFO  docmanage.AddDocumentTest - open knowledgeDoc successfully!
2021-02-22  13:56:48 [main] INFO  docmanage.AddDocumentTest - start browser successfully!
2021-02-22  13:57:09 [main] INFO  docmanage.AddDocumentTest - login successfully!
2021-02-22  13:57:12 [main] INFO  docmanage.AddDocumentTest - open knowledgeDoc successfully!
2021-02-22  13:58:54 [main] INFO  docmanage.AddDocumentTest - start browser successfully!
2021-02-22  13:59:21 [main] INFO  docmanage.AddDocumentTest - login successfully!
2021-02-22  13:59:23 [main] INFO  docmanage.AddDocumentTest - open knowledgeDoc successfully!
2021-02-22  13:59:34 [main] INFO  docmanage.AddDocumentTest - get iframe1 successfully!
2021-02-22  13:59:44 [main] INFO  docmanage.AddDocumentTest - get iframe2 successfully!
2021-02-22  13:59:45 [main] INFO  docmanage.AddDocumentTest - verify successfully!
2021-02-22  14:02:40 [main] INFO  docmanage.DeleteDocTest - seccessfully!
2021-02-22  14:05:43 [main] INFO  docmanage.DeleteDocTest - seccessfully!
2021-02-22  14:06:21 [main] INFO  docmanage.DeleteDocTest - get docManage.operateBtn() successfully!
2021-02-22  14:07:45 [main] INFO  docmanage.DeleteDocTest - seccessfully!
2021-02-22  14:08:31 [main] INFO  docmanage.DeleteDocTest - get docManage.operateBtn() successfully!
2021-02-22  14:10:18 [main] INFO  docmanage.AddDocumentTest - start browser successfully!
2021-02-22  14:10:35 [main] INFO  docmanage.AddDocumentTest - login successfully!
2021-02-22  14:10:37 [main] INFO  docmanage.AddDocumentTest - open knowledgeDoc successfully!
2021-02-22  14:10:45 [main] INFO  docmanage.AddDocumentTest - get iframe1 successfully!
2021-02-22  14:10:55 [main] INFO  docmanage.AddDocumentTest - get iframe2 successfully!
2021-02-22  14:10:56 [main] INFO  docmanage.AddDocumentTest - verify successfully!
2021-02-22  14:11:18 [main] INFO  docmanage.DeleteDocTest - seccessfully!
2021-02-22  14:11:53 [main] INFO  docmanage.DeleteDocTest - get docManage.operateBtn() successfully!
2021-02-22  14:13:02 [main] INFO  docmanage.AddDocumentTest - start browser successfully!
2021-02-22  14:13:24 [main] INFO  docmanage.AddDocumentTest - login successfully!
2021-02-22  14:13:26 [main] INFO  docmanage.AddDocumentTest - open knowledgeDoc successfully!
2021-02-22  14:13:34 [main] INFO  docmanage.AddDocumentTest - get iframe1 successfully!
2021-02-22  14:13:44 [main] INFO  docmanage.AddDocumentTest - get iframe2 successfully!
2021-02-22  14:13:45 [main] INFO  docmanage.AddDocumentTest - verify successfully!
2021-02-22  14:14:05 [main] INFO  docmanage.DeleteDocTest - seccessfully!
2021-02-22  14:14:38 [main] INFO  docmanage.DeleteDocTest - get docManage.operateBtn() successfully!
2021-02-22  14:21:09 [main] INFO  docmanage.AddDocumentTest - start browser successfully!
2021-02-22  14:21:30 [main] INFO  docmanage.AddDocumentTest - login successfully!
2021-02-22  14:21:33 [main] INFO  docmanage.AddDocumentTest - open knowledgeDoc successfully!
2021-02-22  14:21:42 [main] INFO  docmanage.AddDocumentTest - get iframe1 successfully!
2021-02-22  14:21:52 [main] INFO  docmanage.AddDocumentTest - get iframe2 successfully!
2021-02-22  14:21:53 [main] INFO  docmanage.AddDocumentTest - verify successfully!
2021-02-22  14:22:14 [main] INFO  docmanage.DeleteDocTest - seccessfully!
2021-02-22  14:22:51 [main] INFO  docmanage.DeleteDocTest - get docManage.operateBtn() successfully!
2021-02-22  14:34:48 [main] INFO  docmanage.AddDocumentTest - start browser successfully!
2021-02-22  14:35:07 [main] INFO  docmanage.AddDocumentTest - login successfully!
2021-02-22  14:35:10 [main] INFO  docmanage.AddDocumentTest - open knowledgeDoc successfully!
2021-02-22  14:35:18 [main] INFO  docmanage.AddDocumentTest - get iframe1 successfully!
2021-02-22  14:35:28 [main] INFO  docmanage.AddDocumentTest - get iframe2 successfully!
2021-02-22  14:35:29 [main] INFO  docmanage.AddDocumentTest - verify successfully!
2021-02-22  14:35:49 [main] INFO  docmanage.DeleteDocTest - seccessfully!
2021-02-22  14:36:30 [main] INFO  docmanage.DeleteDocTest - get docManage.operateBtn() successfully!
2021-02-22  19:35:26 [main] INFO  docmanage.AddDocumentTest - start browser successfully!
2021-02-22  19:35:56 [main] INFO  docmanage.AddDocumentTest - login successfully!
2021-02-22  19:35:58 [main] INFO  docmanage.AddDocumentTest - open knowledgeDoc successfully!
2021-02-22  19:36:08 [main] INFO  docmanage.AddDocumentTest - get iframe1 successfully!
2021-02-22  19:36:18 [main] INFO  docmanage.AddDocumentTest - get iframe2 successfully!
2021-02-22  19:36:20 [main] INFO  docmanage.AddDocumentTest - verify successfully!
2021-02-22  19:36:39 [main] INFO  docmanage.DeleteDocTest - seccessfully!
2021-02-22  19:37:17 [main] INFO  docmanage.DeleteDocTest - get docManage.operateBtn() successfully!
2021-02-22  19:45:53 [main] INFO  docmanage.AddDocumentTest - start browser successfully!
2021-02-22  19:46:19 [main] INFO  docmanage.AddDocumentTest - login successfully!
2021-02-22  19:46:21 [main] INFO  docmanage.AddDocumentTest - open knowledgeDoc successfully!
2021-02-22  19:46:38 [main] INFO  docmanage.AddDocumentTest - get iframe1 successfully!
2021-02-22  19:46:48 [main] INFO  docmanage.AddDocumentTest - get iframe2 successfully!
2021-02-22  19:46:49 [main] INFO  docmanage.AddDocumentTest - verify successfully!
2021-02-22  19:47:14 [main] INFO  docmanage.DeleteDocTest - seccessfully!
2021-02-22  19:47:55 [main] INFO  docmanage.DeleteDocTest - get docManage.operateBtn() successfully!
2021-02-22  21:48:12 [main] INFO  docmanage.AddDocumentTest - start browser successfully!
2021-02-22  21:49:51 [main] INFO  docmanage.AddDocumentTest - start browser successfully!
2021-02-22  21:52:25 [main] INFO  docmanage.AddDocumentTest - start browser successfully!
2021-02-22  21:52:47 [main] INFO  docmanage.AddDocumentTest - login successfully!
2021-02-22  21:52:48 [main] INFO  docmanage.AddDocumentTest - open knowledgeDoc successfully!
2021-02-22  21:53:01 [main] INFO  docmanage.AddDocumentTest - get iframe1 successfully!
2021-02-22  21:53:11 [main] INFO  docmanage.AddDocumentTest - get iframe2 successfully!
2021-02-22  21:53:12 [main] INFO  docmanage.AddDocumentTest - verify successfully!
2021-02-22  21:53:30 [main] INFO  docmanage.DeleteDocTest - seccessfully!
2021-02-22  21:54:07 [main] INFO  docmanage.DeleteDocTest - get docManage.operateBtn() successfully!
2021-02-22  22:16:33 [main] INFO  docmanage.AddDocumentTest - start browser successfully!
2021-02-22  22:16:56 [main] INFO  docmanage.AddDocumentTest - login successfully!
2021-02-22  22:16:57 [main] INFO  docmanage.AddDocumentTest - open knowledgeDoc successfully!
2021-02-22  22:17:08 [main] INFO  docmanage.AddDocumentTest - get iframe1 successfully!
2021-02-22  22:17:18 [main] INFO  docmanage.AddDocumentTest - get iframe2 successfully!
2021-02-22  22:17:20 [main] INFO  docmanage.AddDocumentTest - verify successfully!
2021-02-22  22:17:40 [main] INFO  docmanage.DeleteDocTest - seccessfully!
2021-02-22  22:18:17 [main] INFO  docmanage.DeleteDocTest - get docManage.operateBtn() successfully!
2021-02-24  11:14:48 [main] INFO  docmanage.AddDocumentTest - start browser successfully!
2021-02-24  11:15:20 [main] INFO  docmanage.AddDocumentTest - login successfully!
2021-02-24  11:15:22 [main] INFO  docmanage.AddDocumentTest - open knowledgeDoc successfully!
2021-02-24  11:15:33 [main] INFO  docmanage.AddDocumentTest - get iframe1 successfully!
2021-02-24  11:15:45 [main] INFO  docmanage.AddDocumentTest - get iframe2 successfully!
2021-02-24  11:15:46 [main] INFO  docmanage.AddDocumentTest - verify successfully!
2021-02-24  11:16:07 [main] INFO  docmanage.DeleteDocTest - seccessfully!
2021-02-24  11:16:45 [main] INFO  docmanage.DeleteDocTest - get docManage.operateBtn() successfully!
2021-02-24  12:12:37 [main] INFO  docmanage.AddDocumentTest - start browser successfully!
2021-02-24  12:13:07 [main] INFO  docmanage.AddDocumentTest - login successfully!
2021-02-24  12:13:09 [main] INFO  docmanage.AddDocumentTest - open knowledgeDoc successfully!
2021-02-24  12:13:20 [main] INFO  docmanage.AddDocumentTest - get iframe1 successfully!
2021-02-24  12:13:30 [main] INFO  docmanage.AddDocumentTest - get iframe2 successfully!
2021-02-24  12:13:32 [main] INFO  docmanage.AddDocumentTest - verify successfully!
2021-02-24  12:13:49 [main] INFO  docmanage.DeleteDocTest - seccessfully!
2021-02-24  12:14:42 [main] INFO  docmanage.DeleteDocTest - get docManage.operateBtn() successfully!
2021-02-24  12:16:15 [main] INFO  docmanage.AddDocumentTest - start browser successfully!
2021-02-24  12:16:59 [main] INFO  docmanage.AddDocumentTest - login successfully!
2021-02-24  12:17:00 [main] INFO  docmanage.AddDocumentTest - open knowledgeDoc successfully!
2021-02-24  12:17:13 [main] INFO  docmanage.AddDocumentTest - get iframe1 successfully!
2021-02-24  12:17:23 [main] INFO  docmanage.AddDocumentTest - get iframe2 successfully!
2021-02-24  12:17:25 [main] INFO  docmanage.AddDocumentTest - verify successfully!
2021-02-24  12:17:43 [main] INFO  docmanage.DeleteDocTest - seccessfully!
2021-02-24  12:19:08 [main] INFO  docmanage.DeleteDocTest - get docManage.operateBtn() successfully!


